<?xml version="1.0" encoding="UTF-8"?>
<testng-results ignored="0" total="3" passed="3" failed="0" skipped="0">
  <reporter-output>
  </reporter-output>
  <suite started-at="2021-07-16T10:29:13 IST" name="Default suite" finished-at="2021-07-16T10:30:03 IST" duration-ms="50079">
    <groups>
    </groups>
    <test started-at="2021-07-16T10:29:13 IST" name="Default test" finished-at="2021-07-16T10:30:03 IST" duration-ms="50079">
      <class name="TestNG.Apollo_Login">
        <test-method is-config="true" signature="Login()[pri:0, instance:TestNG.Apollo_Login@51f116b8]" started-at="2021-07-16T10:29:13 IST" name="Login" finished-at="2021-07-16T10:29:29 IST" duration-ms="15532" status="PASS">
          <reporter-output>
          </reporter-output>
        </test-method> <!-- Login -->
        <test-method signature="verifyHomePage()[pri:1, instance:TestNG.Apollo_Login@51f116b8]" started-at="2021-07-16T10:29:29 IST" name="verifyHomePage" finished-at="2021-07-16T10:29:29 IST" duration-ms="21" status="PASS">
          <reporter-output>
          </reporter-output>
        </test-method> <!-- verifyHomePage -->
        <test-method signature="LoginPage()[pri:2, instance:TestNG.Apollo_Login@51f116b8]" started-at="2021-07-16T10:29:29 IST" name="LoginPage" finished-at="2021-07-16T10:29:56 IST" duration-ms="26900" status="PASS">
          <reporter-output>
          </reporter-output>
        </test-method> <!-- LoginPage -->
        <test-method signature="InvalidLoginPage()[pri:3, instance:TestNG.Apollo_Login@51f116b8]" started-at="2021-07-16T10:29:56 IST" name="InvalidLoginPage" finished-at="2021-07-16T10:30:01 IST" duration-ms="5736" status="PASS">
          <reporter-output>
          </reporter-output>
        </test-method> <!-- InvalidLoginPage -->
        <test-method is-config="true" signature="Stop()[pri:0, instance:TestNG.Apollo_Login@51f116b8]" started-at="2021-07-16T10:30:01 IST" name="Stop" finished-at="2021-07-16T10:30:03 IST" duration-ms="1816" status="PASS">
          <reporter-output>
          </reporter-output>
        </test-method> <!-- Stop -->
      </class> <!-- TestNG.Apollo_Login -->
    </test> <!-- Default test -->
  </suite> <!-- Default suite -->
</testng-results>
