<?xml version="1.0" encoding="UTF-8"?>
<!-- Generated by org.testng.reporters.JUnitXMLReporter -->
<testsuite ignored="0" hostname="DESKTOP-5IO57N8" failures="0" tests="3" name="Default test" time="50.079" errors="0" timestamp="2021-07-16T10:30:03 IST">
  <testcase classname="TestNG.Apollo_Login" name="verifyHomePage" time="0.021"/>
  <testcase classname="TestNG.Apollo_Login" name="LoginPage" time="26.9"/>
  <testcase classname="TestNG.Apollo_Login" name="InvalidLoginPage" time="5.736"/>
</testsuite> <!-- Default test -->
